{
    "OwnerId": "006949578634", 
    "ReservationId": "r-0d561d06cf21e7d7f", 
    "Groups": [], 
    "Instances": [
        {
            "Monitoring": {
                "State": "disabled"
            }, 
            "PublicDnsName": "", 
            "RootDeviceType": "ebs", 
            "State": {
                "Code": 0, 
                "Name": "pending"
            }, 
            "EbsOptimized": false, 
            "LaunchTime": "2016-08-22T19:10:27.000Z", 
            "PrivateIpAddress": "172.31.3.180", 
            "ProductCodes": [], 
            "VpcId": "vpc-ea1d488f", 
            "StateTransitionReason": "", 
            "InstanceId": "i-094b0731ebfb70ec8", 
            "ImageId": "ami-b57536d5", 
            "PrivateDnsName": "ip-172-31-3-180.us-west-1.compute.internal", 
            "KeyName": "awskey1", 
            "SecurityGroups": [
                {
                    "GroupName": "launch-wizard-3", 
                    "GroupId": "sg-fbb62f9f"
                }
            ], 
            "ClientToken": "", 
            "SubnetId": "subnet-84581add", 
            "InstanceType": "t2.micro", 
            "NetworkInterfaces": [
                {
                    "Status": "in-use", 
                    "MacAddress": "06:7d:48:08:fd:1b", 
                    "SourceDestCheck": true, 
                    "VpcId": "vpc-ea1d488f", 
                    "Description": "", 
                    "NetworkInterfaceId": "eni-b678bbb9", 
                    "PrivateIpAddresses": [
                        {
                            "PrivateDnsName": "ip-172-31-3-180.us-west-1.compute.internal", 
                            "Primary": true, 
                            "PrivateIpAddress": "172.31.3.180"
                        }
                    ], 
                    "PrivateDnsName": "ip-172-31-3-180.us-west-1.compute.internal", 
                    "Attachment": {
                        "Status": "attaching", 
                        "DeviceIndex": 0, 
                        "DeleteOnTermination": true, 
                        "AttachmentId": "eni-attach-4c364dee", 
                        "AttachTime": "2016-08-22T19:10:27.000Z"
                    }, 
                    "Groups": [
                        {
                            "GroupName": "launch-wizard-3", 
                            "GroupId": "sg-fbb62f9f"
                        }
                    ], 
                    "SubnetId": "subnet-84581add", 
                    "OwnerId": "006949578634", 
                    "PrivateIpAddress": "172.31.3.180"
                }
            ], 
            "SourceDestCheck": true, 
            "Placement": {
                "Tenancy": "default", 
                "GroupName": "", 
                "AvailabilityZone": "us-west-1c"
            }, 
            "Hypervisor": "xen", 
            "BlockDeviceMappings": [], 
            "Architecture": "x86_64", 
            "StateReason": {
                "Message": "pending", 
                "Code": "pending"
            }, 
            "RootDeviceName": "/dev/xvda", 
            "VirtualizationType": "hvm", 
            "AmiLaunchIndex": 0
        }
    ]
}
