{
    "OwnerId": "006949578634", 
    "ReservationId": "r-046fb7f764d8e8f11", 
    "Groups": [], 
    "Instances": [
        {
            "Monitoring": {
                "State": "disabled"
            }, 
            "PublicDnsName": "", 
            "RootDeviceType": "ebs", 
            "State": {
                "Code": 0, 
                "Name": "pending"
            }, 
            "EbsOptimized": false, 
            "LaunchTime": "2016-08-25T21:00:44.000Z", 
            "PrivateIpAddress": "172.31.8.242", 
            "ProductCodes": [], 
            "VpcId": "vpc-ea1d488f", 
            "StateTransitionReason": "", 
            "InstanceId": "i-093a4e4ace9f38332", 
            "ImageId": "ami-b57536d5", 
            "PrivateDnsName": "ip-172-31-8-242.us-west-1.compute.internal", 
            "KeyName": "awskey1", 
            "SecurityGroups": [
                {
                    "GroupName": "launch-wizard-3", 
                    "GroupId": "sg-fbb62f9f"
                }
            ], 
            "ClientToken": "", 
            "SubnetId": "subnet-84581add", 
            "InstanceType": "t2.micro", 
            "NetworkInterfaces": [
                {
                    "Status": "in-use", 
                    "MacAddress": "06:47:0f:08:f8:bb", 
                    "SourceDestCheck": true, 
                    "VpcId": "vpc-ea1d488f", 
                    "Description": "", 
                    "NetworkInterfaceId": "eni-ddec3fd2", 
                    "PrivateIpAddresses": [
                        {
                            "PrivateDnsName": "ip-172-31-8-242.us-west-1.compute.internal", 
                            "Primary": true, 
                            "PrivateIpAddress": "172.31.8.242"
                        }
                    ], 
                    "PrivateDnsName": "ip-172-31-8-242.us-west-1.compute.internal", 
                    "Attachment": {
                        "Status": "attaching", 
                        "DeviceIndex": 0, 
                        "DeleteOnTermination": true, 
                        "AttachmentId": "eni-attach-02b7f8a0", 
                        "AttachTime": "2016-08-25T21:00:44.000Z"
                    }, 
                    "Groups": [
                        {
                            "GroupName": "launch-wizard-3", 
                            "GroupId": "sg-fbb62f9f"
                        }
                    ], 
                    "SubnetId": "subnet-84581add", 
                    "OwnerId": "006949578634", 
                    "PrivateIpAddress": "172.31.8.242"
                }
            ], 
            "SourceDestCheck": true, 
            "Placement": {
                "Tenancy": "default", 
                "GroupName": "", 
                "AvailabilityZone": "us-west-1c"
            }, 
            "Hypervisor": "xen", 
            "BlockDeviceMappings": [], 
            "Architecture": "x86_64", 
            "StateReason": {
                "Message": "pending", 
                "Code": "pending"
            }, 
            "RootDeviceName": "/dev/xvda", 
            "VirtualizationType": "hvm", 
            "AmiLaunchIndex": 0
        }
    ]
}
